{"total": {"lines":{"total":735,"covered":720,"skipped":0,"pct":97.95},"statements":{"total":735,"covered":720,"skipped":0,"pct":97.95},"functions":{"total":35,"covered":35,"skipped":0,"pct":100},"branches":{"total":214,"covered":194,"skipped":0,"pct":90.65},"branchesTrue":{"total":0,"covered":0,"skipped":0,"pct":100}}
,"C:\\Users\\sebss\\Documents\\AxiomNode\\api-gateway\\src\\app\\config.ts": {"lines":{"total":25,"covered":25,"skipped":0,"pct":100},"functions":{"total":1,"covered":1,"skipped":0,"pct":100},"statements":{"total":25,"covered":25,"skipped":0,"pct":100},"branches":{"total":2,"covered":2,"skipped":0,"pct":100}}
,"C:\\Users\\sebss\\Documents\\AxiomNode\\api-gateway\\src\\app\\routes\\health.ts": {"lines":{"total":8,"covered":7,"skipped":0,"pct":87.5},"functions":{"total":1,"covered":1,"skipped":0,"pct":100},"statements":{"total":8,"covered":7,"skipped":0,"pct":87.5},"branches":{"total":2,"covered":2,"skipped":0,"pct":100}}
,"C:\\Users\\sebss\\Documents\\AxiomNode\\api-gateway\\src\\app\\routes\\monitoring.ts": {"lines":{"total":28,"covered":28,"skipped":0,"pct":100},"functions":{"total":1,"covered":1,"skipped":0,"pct":100},"statements":{"total":28,"covered":28,"skipped":0,"pct":100},"branches":{"total":7,"covered":6,"skipped":0,"pct":85.71}}
,"C:\\Users\\sebss\\Documents\\AxiomNode\\api-gateway\\src\\app\\routes\\proxy.ts": {"lines":{"total":474,"covered":460,"skipped":0,"pct":97.04},"functions":{"total":14,"covered":14,"skipped":0,"pct":100},"statements":{"total":474,"covered":460,"skipped":0,"pct":97.04},"branches":{"total":149,"covered":131,"skipped":0,"pct":87.91}}
,"C:\\Users\\sebss\\Documents\\AxiomNode\\api-gateway\\src\\app\\services\\routingStateStore.ts": {"lines":{"total":81,"covered":81,"skipped":0,"pct":100},"functions":{"total":9,"covered":9,"skipped":0,"pct":100},"statements":{"total":81,"covered":81,"skipped":0,"pct":100},"branches":{"total":32,"covered":32,"skipped":0,"pct":100}}
,"C:\\Users\\sebss\\Documents\\AxiomNode\\api-gateway\\src\\app\\services\\serviceMetrics.ts": {"lines":{"total":119,"covered":119,"skipped":0,"pct":100},"functions":{"total":9,"covered":9,"skipped":0,"pct":100},"statements":{"total":119,"covered":119,"skipped":0,"pct":100},"branches":{"total":22,"covered":21,"skipped":0,"pct":95.45}}
}
